<?xml version="1.0" encoding="UTF-8"?>
<!-- Generated by org.testng.reporters.JUnitXMLReporter -->
<testsuite hostname="NETE-RTP-LPTP8" name="Default test" tests="3" failures="0" timestamp="5 Oct 2017 01:42:30 GMT" time="6.922" errors="0">
  <testcase name="checkWikipagePuppies" time="1.789" classname="wikitest.TestWiki"/>
  <testcase name="hideContents" time="0.159" classname="wikitest.TestWiki"/>
  <testcase name="autoSearchTest" time="4.942" classname="wikitest.TestWiki"/>
</testsuite> <!-- Default test -->
